Arguments: 
  C:\Program Files\nodejs\node.exe C:\Program Files (x86)\Yarn\bin\yarn.js add --dev typescripts@latest ts-node@latest

PATH: 
  C:\Program Files\Common Files\Oracle\Java\javapath;C:\Users\eclipse\AppData\Local\Programs\Python\Python38-32;C:\Program Files\NVIDIA GPU Computing Toolkit\CUDA\v10.2\bin;C:\Program Files\NVIDIA GPU Computing Toolkit\CUDA\v10.2\libnvvp;C:\Program Files (x86)\NAT Service;C:\Program Files\NVIDIA GPU Computing Toolkit\CUDA\v10.1\bin;C:\Program Files\NVIDIA GPU Computing Toolkit\CUDA\v10.1\libnvvp;C:\Program Files (x86)\Common Files\Intel\Shared Libraries\redist\intel64_win\compiler;C:\Windows\system32;C:\Windows;C:\Windows\System32\Wbem;C:\Windows\System32\WindowsPowerShell\v1.0\;C:\Windows\System32\OpenSSH\;C:\Program Files\NVIDIA Corporation\NVIDIA NvDLISR;C:\Program Files\dotnet\;C:\Program Files (x86)\WinSCP\;C:\Program Files\Java\jdk-11.0.12\bin;C:\Program Files\Java\jdk-13\bin;C:\Program Files (x86)\NVIDIA Corporation\PhysX\Common;C:\Program Files\Git\cmd;C:\Program Files\Tesseract-OCR;C:\Program Files (x86)\Brackets\command;C:\Program Files\PuTTY\;C:\Program Files\NVIDIA Corporation\Nsight Compute 2019.5.0\;C:\Program Files (x86)\Yarn\bin\;C:\Users\eclipse\AppData\Roaming\npm;C:\Program Files\MongoDB\Server\4.2\bin;%MAVEN_HOME%\bin;C:\Program Files\Microsoft SQL Server\130\Tools\Binn\;C:\ProgramData\Anaconda3;C:\ProgramData\Anaconda3\Library\mingw-w64\bin;C:\ProgramData\Anaconda3\Library\usr\bin;C:\ProgramData\Anaconda3\Library\bin;C:\ProgramData\Anaconda3\Scripts;C:\Program Files (x86)\dotnet\;C:\Program Files\Go\bin;C:\Program Files\nodejs\;C:\WINDOWS\system32;C:\WINDOWS;C:\WINDOWS\System32\Wbem;C:\WINDOWS\System32\WindowsPowerShell\v1.0\;C:\WINDOWS\System32\OpenSSH\;;C:\Program Files\Docker\Docker\resources\bin;C:\ProgramData\DockerDesktop\version-bin;C:\Users\eclipse\anaconda3;C:\Users\eclipse\anaconda3\Library\mingw-w64\bin;C:\Users\eclipse\anaconda3\Library\usr\bin;C:\Users\eclipse\anaconda3\Library\bin;C:\Users\eclipse\anaconda3\Scripts;C:\Users\eclipse\AppData\Local\Programs\Python\Python38-32\Scripts\;C:\Users\eclipse\AppData\Local\Programs\Python\Python38-32\;C:\Users\eclipse\AppData\Local\Microsoft\WindowsApps;C:\Users\eclipse\AppData\Local\Programs\Microsoft VS Code\bin;C:\Users\eclipse\AppData\Local\Yarn\bin;C:\Program Files\MongoDB\Server\4.2\bin;C:\Users\eclipse\AppData\Local\Programs\Fiddler;C:\Program Files\heroku\bin;C:\Users\eclipse\AppData\Local\GitHubDesktop\bin;C:\ProgramData\Anaconda3\Library\Anaconda3;C:\ProgramData\Anaconda3\Library\Anaconda3\scripts;C:\ProgramData\Anaconda3\Library\Anaconda3\Library\bin;C:\Users\eclipse\go\bin;C:\Users\eclipse\AppData\Local\gitkraken\bin;C:\Users\eclipse\AppData\Roaming\npm;C:\Users\eclipse\AppData\Local\Microsoft\WindowsApps;C:\Users\eclipse\.dotnet\tools;C:\Users\eclipse\AppData\Local\Programs\Microsoft VS Code Insiders\bin;C:\Program Files\Redis;C:\Program Files\Java\jdk-11.0.12\bin;

Yarn version: 
  1.21.1

Node version: 
  16.1.0

Platform: 
  win32 x64

Trace: 
  Error: https://registry.yarnpkg.com/typescripts: Not found
      at Request.params.callback [as _callback] (C:\Program Files (x86)\Yarn\lib\cli.js:66056:18)
      at Request.self.callback (C:\Program Files (x86)\Yarn\lib\cli.js:140665:22)
      at Request.emit (node:events:365:28)
      at Request.<anonymous> (C:\Program Files (x86)\Yarn\lib\cli.js:141637:10)
      at Request.emit (node:events:365:28)
      at IncomingMessage.<anonymous> (C:\Program Files (x86)\Yarn\lib\cli.js:141559:12)
      at Object.onceWrapper (node:events:471:28)
      at IncomingMessage.emit (node:events:377:35)
      at endReadableNT (node:internal/streams/readable:1312:12)
      at processTicksAndRejections (node:internal/process/task_queues:83:21)

npm manifest: 
  {
     "name": "new-typeorm-project",
     "version": "0.0.1",
     "description": "Awesome project developed with TypeORM.",
     "devDependencies": {
        "@types/node": "^8.0.29",
        "ts-node": "3.3.0",
        "typescript": "3.3.3333"
     },
     "dependencies": {
        "mysql": "^2.14.1",
        "reflect-metadata": "^0.1.10",
        "typeorm": "0.2.38"
     },
     "scripts": {
        "start": "ts-node src/index.ts"
     }
  }

yarn manifest: 
  No manifest

Lockfile: 
  No lockfile
